gun_game/Temp/gradleOut/launcher/build/intermediates/manifest_merge_blame_file/release/manifest-merger-blame-release-report.txt
1<?xml version="1.0" encoding="utf-8"?>
2<!-- GENERATED BY UNITY. REMOVE THIS COMMENT TO PREVENT OVERWRITING WHEN EXPORTING AGAIN -->
3<manifest xmlns:android="http://schemas.android.com/apk/res/android"
4    package="com.DefaultCompany.gun_game"
5    android:installLocation="preferExternal"
6    android:versionCode="1"
7    android:versionName="1.0.2" >
8
9    <uses-sdk
10        android:minSdkVersion="19"
10-->src\main\AndroidManifest.xml
11        android:targetSdkVersion="30" />
11-->src\main\AndroidManifest.xml
12
13    <supports-screens
13-->src\main\AndroidManifest.xml:4:3-163
14        android:anyDensity="true"
14-->src\main\AndroidManifest.xml:4:135-160
15        android:largeScreens="true"
15-->src\main\AndroidManifest.xml:4:78-105
16        android:normalScreens="true"
16-->src\main\AndroidManifest.xml:4:49-77
17        android:smallScreens="true"
17-->src\main\AndroidManifest.xml:4:21-48
18        android:xlargeScreens="true" />
18-->src\main\AndroidManifest.xml:4:106-134
19
20    <uses-feature android:glEsVersion="0x00030000" />
20-->[:unityLibrary] AndroidManifest.xml:13:5-54
20-->[:unityLibrary] AndroidManifest.xml:13:19-51
21    <uses-feature
21-->[:unityLibrary] AndroidManifest.xml:14:5-16:36
22        android:name="android.hardware.vulkan.version"
22-->[:unityLibrary] AndroidManifest.xml:15:9-55
23        android:required="false" />
23-->[:unityLibrary] AndroidManifest.xml:16:9-33
24    <uses-feature
24-->[:unityLibrary] AndroidManifest.xml:17:5-19:36
25        android:name="android.hardware.touchscreen"
25-->[:unityLibrary] AndroidManifest.xml:18:9-52
26        android:required="false" />
26-->[:unityLibrary] AndroidManifest.xml:19:9-33
27    <uses-feature
27-->[:unityLibrary] AndroidManifest.xml:20:5-22:36
28        android:name="android.hardware.touchscreen.multitouch"
28-->[:unityLibrary] AndroidManifest.xml:21:9-63
29        android:required="false" />
29-->[:unityLibrary] AndroidManifest.xml:22:9-33
30    <uses-feature
30-->[:unityLibrary] AndroidManifest.xml:23:5-25:36
31        android:name="android.hardware.touchscreen.multitouch.distinct"
31-->[:unityLibrary] AndroidManifest.xml:24:9-72
32        android:required="false" />
32-->[:unityLibrary] AndroidManifest.xml:25:9-33
33
34    <uses-permission android:name="android.permission.WAKE_LOCK" />
34-->[:androidx.work.work-runtime-2.7.0:] AndroidManifest.xml:19:3-66
34-->[:androidx.work.work-runtime-2.7.0:] AndroidManifest.xml:19:20-63
35    <uses-permission android:name="android.permission.ACCESS_NETWORK_STATE" />
35-->[:androidx.work.work-runtime-2.7.0:] AndroidManifest.xml:20:3-77
35-->[:androidx.work.work-runtime-2.7.0:] AndroidManifest.xml:20:20-74
36    <uses-permission android:name="android.permission.RECEIVE_BOOT_COMPLETED" />
36-->[:androidx.work.work-runtime-2.7.0:] AndroidManifest.xml:21:3-79
36-->[:androidx.work.work-runtime-2.7.0:] AndroidManifest.xml:21:20-76
37    <uses-permission android:name="android.permission.FOREGROUND_SERVICE" /> <!-- Include required permissions for Advertising Id -->
37-->[:androidx.work.work-runtime-2.7.0:] AndroidManifest.xml:22:3-75
37-->[:androidx.work.work-runtime-2.7.0:] AndroidManifest.xml:22:20-72
38    <uses-permission android:name="com.google.android.gms.permission.AD_ID" /> <!-- Include required permissions for Google Mobile Ads to run -->
38-->[:com.google.android.gms.play-services-ads-identifier-18.0.0:] AndroidManifest.xml:23:5-79
38-->[:com.google.android.gms.play-services-ads-identifier-18.0.0:] AndroidManifest.xml:23:22-76
39    <uses-permission android:name="android.permission.INTERNET" /> <!-- Android package visibility setting -->
39-->[:com.google.android.gms.play-services-ads-lite-21.3.0:] AndroidManifest.xml:20:3-65
39-->[:com.google.android.gms.play-services-ads-lite-21.3.0:] AndroidManifest.xml:20:20-62
40    <queries>
40-->[:com.google.android.gms.play-services-ads-lite-21.3.0:] AndroidManifest.xml:24:3-37:13
41
42        <!-- For browser content -->
43        <intent>
43-->[:com.google.android.gms.play-services-ads-lite-21.3.0:] AndroidManifest.xml:26:5-30:14
44            <action android:name="android.intent.action.VIEW" />
44-->[:com.google.android.gms.play-services-ads-lite-21.3.0:] AndroidManifest.xml:27:7-59
44-->[:com.google.android.gms.play-services-ads-lite-21.3.0:] AndroidManifest.xml:27:15-56
45
46            <category android:name="android.intent.category.BROWSABLE" />
46-->[:com.google.android.gms.play-services-ads-lite-21.3.0:] AndroidManifest.xml:28:7-68
46-->[:com.google.android.gms.play-services-ads-lite-21.3.0:] AndroidManifest.xml:28:17-65
47
48            <data android:scheme="https" />
48-->[:com.google.android.gms.play-services-ads-lite-21.3.0:] AndroidManifest.xml:29:7-38
48-->[:com.google.android.gms.play-services-ads-lite-21.3.0:] AndroidManifest.xml:29:13-35
49        </intent>
50        <!-- End of browser content -->
51        <!-- For CustomTabsService -->
52        <intent>
52-->[:com.google.android.gms.play-services-ads-lite-21.3.0:] AndroidManifest.xml:26:5-30:14
53            <action android:name="android.support.customtabs.action.CustomTabsService" />
54        </intent>
55        <!-- End of CustomTabsService -->
56    </queries>
57
58    <application
58-->src\main\AndroidManifest.xml:5:3-116
59        android:appComponentFactory="androidx.core.app.CoreComponentFactory"
59-->[:androidx.core.core-1.6.0:] AndroidManifest.xml:24:18-86
60        android:extractNativeLibs="true"
60-->src\main\AndroidManifest.xml:5:16-48
61        android:icon="@mipmap/app_icon"
61-->src\main\AndroidManifest.xml:5:82-113
62        android:label="@string/app_name" >
62-->src\main\AndroidManifest.xml:5:49-81
63        <activity
63-->[:unityLibrary] AndroidManifest.xml:28:9-48:20
64            android:name="com.unity3d.player.UnityPlayerActivity"
64-->[:unityLibrary] AndroidManifest.xml:29:13-66
65            android:configChanges="mcc|mnc|locale|touchscreen|keyboard|keyboardHidden|navigation|orientation|screenLayout|uiMode|screenSize|smallestScreenSize|fontScale|layoutDirection|density"
65-->[:unityLibrary] AndroidManifest.xml:30:13-194
66            android:hardwareAccelerated="false"
66-->[:unityLibrary] AndroidManifest.xml:31:13-48
67            android:launchMode="singleTask"
67-->[:unityLibrary] AndroidManifest.xml:32:13-44
68            android:resizeableActivity="false"
68-->[:unityLibrary] AndroidManifest.xml:33:13-47
69            android:screenOrientation="fullSensor"
69-->[:unityLibrary] AndroidManifest.xml:34:13-51
70            android:theme="@style/UnityThemeSelector" >
70-->[:unityLibrary] AndroidManifest.xml:35:13-54
71            <intent-filter>
71-->[:unityLibrary] AndroidManifest.xml:36:13-40:29
72                <action android:name="android.intent.action.MAIN" />
72-->[:unityLibrary] AndroidManifest.xml:37:17-69
72-->[:unityLibrary] AndroidManifest.xml:37:25-66
73
74                <category android:name="android.intent.category.LAUNCHER" />
74-->[:unityLibrary] AndroidManifest.xml:39:17-77
74-->[:unityLibrary] AndroidManifest.xml:39:27-74
75            </intent-filter>
76
77            <meta-data
77-->[:unityLibrary] AndroidManifest.xml:42:13-44:40
78                android:name="unityplayer.UnityActivity"
78-->[:unityLibrary] AndroidManifest.xml:43:17-57
79                android:value="true" />
79-->[:unityLibrary] AndroidManifest.xml:44:17-37
80            <meta-data
80-->[:unityLibrary] AndroidManifest.xml:45:13-47:40
81                android:name="android.notch_support"
81-->[:unityLibrary] AndroidManifest.xml:46:17-53
82                android:value="true" />
82-->[:unityLibrary] AndroidManifest.xml:47:17-37
83        </activity>
84
85        <meta-data
85-->[:unityLibrary] AndroidManifest.xml:50:9-52:33
86            android:name="unity.splash-mode"
86-->[:unityLibrary] AndroidManifest.xml:51:13-45
87            android:value="0" />
87-->[:unityLibrary] AndroidManifest.xml:52:13-30
88        <meta-data
88-->[:unityLibrary] AndroidManifest.xml:53:9-55:36
89            android:name="unity.splash-enable"
89-->[:unityLibrary] AndroidManifest.xml:54:13-47
90            android:value="True" />
90-->[:unityLibrary] AndroidManifest.xml:55:13-33
91        <meta-data
91-->[:unityLibrary] AndroidManifest.xml:56:9-58:37
92            android:name="unity.allow-resizable-window"
92-->[:unityLibrary] AndroidManifest.xml:57:13-56
93            android:value="False" />
93-->[:unityLibrary] AndroidManifest.xml:58:13-34
94        <meta-data
94-->[:unityLibrary] AndroidManifest.xml:59:9-61:50
95            android:name="notch.config"
95-->[:unityLibrary] AndroidManifest.xml:60:13-40
96            android:value="portrait|landscape" />
96-->[:unityLibrary] AndroidManifest.xml:61:13-47
97        <meta-data
97-->[:unityLibrary] AndroidManifest.xml:62:9-64:68
98            android:name="unity.build-id"
98-->[:unityLibrary] AndroidManifest.xml:63:13-42
99            android:value="869579be-d9aa-4467-8e1f-6470d3b4c407" />
99-->[:unityLibrary] AndroidManifest.xml:64:13-65
100
101        <receiver
101-->[:unityLibrary] AndroidManifest.xml:66:9-68:39
102            android:name="com.unity.androidnotifications.UnityNotificationManager"
102-->[:unityLibrary] AndroidManifest.xml:67:13-83
103            android:exported="true" />
103-->[:unityLibrary] AndroidManifest.xml:68:13-36
104        <receiver
104-->[:unityLibrary] AndroidManifest.xml:69:9-75:20
105            android:name="com.unity.androidnotifications.UnityNotificationRestartOnBootReceiver"
105-->[:unityLibrary] AndroidManifest.xml:70:13-97
106            android:enabled="false" >
106-->[:unityLibrary] AndroidManifest.xml:71:13-36
107            <intent-filter>
107-->[:unityLibrary] AndroidManifest.xml:72:13-74:29
108                <action android:name="android.intent.action.BOOT_COMPLETED" />
108-->[:unityLibrary] AndroidManifest.xml:73:17-79
108-->[:unityLibrary] AndroidManifest.xml:73:25-76
109            </intent-filter>
110        </receiver>
111
112        <provider
112-->[:androidx.lifecycle.lifecycle-process-2.4.1:] AndroidManifest.xml:20:5-22:16
113            android:name="androidx.startup.InitializationProvider"
113-->[:androidx.lifecycle.lifecycle-process-2.4.1:] AndroidManifest.xml:20:15-69
114            android:authorities="com.DefaultCompany.gun_game.androidx-startup"
114-->[:androidx.lifecycle.lifecycle-process-2.4.1:] AndroidManifest.xml:20:70-136
115            android:exported="false" >
115-->[:androidx.lifecycle.lifecycle-process-2.4.1:] AndroidManifest.xml:20:137-161
116            <meta-data
116-->[:androidx.lifecycle.lifecycle-process-2.4.1:] AndroidManifest.xml:21:7-115
117                android:name="androidx.lifecycle.ProcessLifecycleInitializer"
117-->[:androidx.lifecycle.lifecycle-process-2.4.1:] AndroidManifest.xml:21:18-79
118                android:value="androidx.startup" />
118-->[:androidx.lifecycle.lifecycle-process-2.4.1:] AndroidManifest.xml:21:80-112
119            <meta-data
119-->[:androidx.work.work-runtime-2.7.0:] AndroidManifest.xml:25:7-105
120                android:name="androidx.work.WorkManagerInitializer"
120-->[:androidx.work.work-runtime-2.7.0:] AndroidManifest.xml:25:18-69
121                android:value="androidx.startup" />
121-->[:androidx.work.work-runtime-2.7.0:] AndroidManifest.xml:25:70-102
122        </provider>
123
124        <service
124-->[:androidx.room.room-runtime-2.2.5:] AndroidManifest.xml:25:9-28:40
125            android:name="androidx.room.MultiInstanceInvalidationService"
125-->[:androidx.room.room-runtime-2.2.5:] AndroidManifest.xml:26:13-74
126            android:directBootAware="true"
126-->[:androidx.room.room-runtime-2.2.5:] AndroidManifest.xml:27:13-43
127            android:exported="false" />
127-->[:androidx.room.room-runtime-2.2.5:] AndroidManifest.xml:28:13-37
128        <service
128-->[:androidx.work.work-runtime-2.7.0:] AndroidManifest.xml:27:5-229
129            android:name="androidx.work.impl.background.systemalarm.SystemAlarmService"
129-->[:androidx.work.work-runtime-2.7.0:] AndroidManifest.xml:27:14-89
130            android:directBootAware="false"
130-->[:androidx.work.work-runtime-2.7.0:] AndroidManifest.xml:27:90-121
131            android:enabled="@bool/enable_system_alarm_service_default"
131-->[:androidx.work.work-runtime-2.7.0:] AndroidManifest.xml:27:122-181
132            android:exported="false" />
132-->[:androidx.work.work-runtime-2.7.0:] AndroidManifest.xml:27:182-206
133        <service
133-->[:androidx.work.work-runtime-2.7.0:] AndroidManifest.xml:28:5-279
134            android:name="androidx.work.impl.background.systemjob.SystemJobService"
134-->[:androidx.work.work-runtime-2.7.0:] AndroidManifest.xml:28:14-85
135            android:directBootAware="false"
135-->[:androidx.work.work-runtime-2.7.0:] AndroidManifest.xml:28:86-117
136            android:enabled="@bool/enable_system_job_service_default"
136-->[:androidx.work.work-runtime-2.7.0:] AndroidManifest.xml:28:118-175
137            android:exported="true"
137-->[:androidx.work.work-runtime-2.7.0:] AndroidManifest.xml:28:176-199
138            android:permission="android.permission.BIND_JOB_SERVICE" />
138-->[:androidx.work.work-runtime-2.7.0:] AndroidManifest.xml:28:200-256
139        <service
139-->[:androidx.work.work-runtime-2.7.0:] AndroidManifest.xml:29:5-227
140            android:name="androidx.work.impl.foreground.SystemForegroundService"
140-->[:androidx.work.work-runtime-2.7.0:] AndroidManifest.xml:29:14-82
141            android:directBootAware="false"
141-->[:androidx.work.work-runtime-2.7.0:] AndroidManifest.xml:29:83-114
142            android:enabled="@bool/enable_system_foreground_service_default"
142-->[:androidx.work.work-runtime-2.7.0:] AndroidManifest.xml:29:115-179
143            android:exported="false" />
143-->[:androidx.work.work-runtime-2.7.0:] AndroidManifest.xml:29:180-204
144
145        <receiver
145-->[:androidx.work.work-runtime-2.7.0:] AndroidManifest.xml:30:5-193
146            android:name="androidx.work.impl.utils.ForceStopRunnable$BroadcastReceiver"
146-->[:androidx.work.work-runtime-2.7.0:] AndroidManifest.xml:30:15-90
147            android:directBootAware="false"
147-->[:androidx.work.work-runtime-2.7.0:] AndroidManifest.xml:30:91-122
148            android:enabled="true"
148-->[:androidx.work.work-runtime-2.7.0:] AndroidManifest.xml:30:123-145
149            android:exported="false" />
149-->[:androidx.work.work-runtime-2.7.0:] AndroidManifest.xml:30:146-170
150        <receiver
150-->[:androidx.work.work-runtime-2.7.0:] AndroidManifest.xml:31:5-36:16
151            android:name="androidx.work.impl.background.systemalarm.ConstraintProxy$BatteryChargingProxy"
151-->[:androidx.work.work-runtime-2.7.0:] AndroidManifest.xml:31:15-108
152            android:directBootAware="false"
152-->[:androidx.work.work-runtime-2.7.0:] AndroidManifest.xml:31:109-140
153            android:enabled="false"
153-->[:androidx.work.work-runtime-2.7.0:] AndroidManifest.xml:31:141-164
154            android:exported="false" >
154-->[:androidx.work.work-runtime-2.7.0:] AndroidManifest.xml:31:165-189
155            <intent-filter>
155-->[:androidx.work.work-runtime-2.7.0:] AndroidManifest.xml:32:7-35:23
156                <action android:name="android.intent.action.ACTION_POWER_CONNECTED" />
156-->[:androidx.work.work-runtime-2.7.0:] AndroidManifest.xml:33:9-79
156-->[:androidx.work.work-runtime-2.7.0:] AndroidManifest.xml:33:17-76
157                <action android:name="android.intent.action.ACTION_POWER_DISCONNECTED" />
157-->[:androidx.work.work-runtime-2.7.0:] AndroidManifest.xml:34:9-82
157-->[:androidx.work.work-runtime-2.7.0:] AndroidManifest.xml:34:17-79
158            </intent-filter>
159        </receiver>
160        <receiver
160-->[:androidx.work.work-runtime-2.7.0:] AndroidManifest.xml:37:5-42:16
161            android:name="androidx.work.impl.background.systemalarm.ConstraintProxy$BatteryNotLowProxy"
161-->[:androidx.work.work-runtime-2.7.0:] AndroidManifest.xml:37:15-106
162            android:directBootAware="false"
162-->[:androidx.work.work-runtime-2.7.0:] AndroidManifest.xml:37:107-138
163            android:enabled="false"
163-->[:androidx.work.work-runtime-2.7.0:] AndroidManifest.xml:37:139-162
164            android:exported="false" >
164-->[:androidx.work.work-runtime-2.7.0:] AndroidManifest.xml:37:163-187
165            <intent-filter>
165-->[:androidx.work.work-runtime-2.7.0:] AndroidManifest.xml:38:7-41:23
166                <action android:name="android.intent.action.BATTERY_OKAY" />
166-->[:androidx.work.work-runtime-2.7.0:] AndroidManifest.xml:39:9-69
166-->[:androidx.work.work-runtime-2.7.0:] AndroidManifest.xml:39:17-66
167                <action android:name="android.intent.action.BATTERY_LOW" />
167-->[:androidx.work.work-runtime-2.7.0:] AndroidManifest.xml:40:9-68
167-->[:androidx.work.work-runtime-2.7.0:] AndroidManifest.xml:40:17-65
168            </intent-filter>
169        </receiver>
170        <receiver
170-->[:androidx.work.work-runtime-2.7.0:] AndroidManifest.xml:43:5-48:16
171            android:name="androidx.work.impl.background.systemalarm.ConstraintProxy$StorageNotLowProxy"
171-->[:androidx.work.work-runtime-2.7.0:] AndroidManifest.xml:43:15-106
172            android:directBootAware="false"
172-->[:androidx.work.work-runtime-2.7.0:] AndroidManifest.xml:43:107-138
173            android:enabled="false"
173-->[:androidx.work.work-runtime-2.7.0:] AndroidManifest.xml:43:139-162
174            android:exported="false" >
174-->[:androidx.work.work-runtime-2.7.0:] AndroidManifest.xml:43:163-187
175            <intent-filter>
175-->[:androidx.work.work-runtime-2.7.0:] AndroidManifest.xml:44:7-47:23
176                <action android:name="android.intent.action.DEVICE_STORAGE_LOW" />
176-->[:androidx.work.work-runtime-2.7.0:] AndroidManifest.xml:45:9-75
176-->[:androidx.work.work-runtime-2.7.0:] AndroidManifest.xml:45:17-72
177                <action android:name="android.intent.action.DEVICE_STORAGE_OK" />
177-->[:androidx.work.work-runtime-2.7.0:] AndroidManifest.xml:46:9-74
177-->[:androidx.work.work-runtime-2.7.0:] AndroidManifest.xml:46:17-71
178            </intent-filter>
179        </receiver>
180        <receiver
180-->[:androidx.work.work-runtime-2.7.0:] AndroidManifest.xml:49:5-53:16
181            android:name="androidx.work.impl.background.systemalarm.ConstraintProxy$NetworkStateProxy"
181-->[:androidx.work.work-runtime-2.7.0:] AndroidManifest.xml:49:15-105
182            android:directBootAware="false"
182-->[:androidx.work.work-runtime-2.7.0:] AndroidManifest.xml:49:106-137
183            android:enabled="false"
183-->[:androidx.work.work-runtime-2.7.0:] AndroidManifest.xml:49:138-161
184            android:exported="false" >
184-->[:androidx.work.work-runtime-2.7.0:] AndroidManifest.xml:49:162-186
185            <intent-filter>
185-->[:androidx.work.work-runtime-2.7.0:] AndroidManifest.xml:50:7-52:23
186                <action android:name="android.net.conn.CONNECTIVITY_CHANGE" />
186-->[:androidx.work.work-runtime-2.7.0:] AndroidManifest.xml:51:9-71
186-->[:androidx.work.work-runtime-2.7.0:] AndroidManifest.xml:51:17-68
187            </intent-filter>
188        </receiver>
189        <receiver
189-->[:androidx.work.work-runtime-2.7.0:] AndroidManifest.xml:54:5-60:16
190            android:name="androidx.work.impl.background.systemalarm.RescheduleReceiver"
190-->[:androidx.work.work-runtime-2.7.0:] AndroidManifest.xml:54:15-90
191            android:directBootAware="false"
191-->[:androidx.work.work-runtime-2.7.0:] AndroidManifest.xml:54:91-122
192            android:enabled="false"
192-->[:androidx.work.work-runtime-2.7.0:] AndroidManifest.xml:54:123-146
193            android:exported="false" >
193-->[:androidx.work.work-runtime-2.7.0:] AndroidManifest.xml:54:147-171
194            <intent-filter>
194-->[:androidx.work.work-runtime-2.7.0:] AndroidManifest.xml:55:7-59:23
195                <action android:name="android.intent.action.BOOT_COMPLETED" />
195-->[:unityLibrary] AndroidManifest.xml:73:17-79
195-->[:unityLibrary] AndroidManifest.xml:73:25-76
196                <action android:name="android.intent.action.TIME_SET" />
196-->[:androidx.work.work-runtime-2.7.0:] AndroidManifest.xml:57:9-65
196-->[:androidx.work.work-runtime-2.7.0:] AndroidManifest.xml:57:17-62
197                <action android:name="android.intent.action.TIMEZONE_CHANGED" />
197-->[:androidx.work.work-runtime-2.7.0:] AndroidManifest.xml:58:9-73
197-->[:androidx.work.work-runtime-2.7.0:] AndroidManifest.xml:58:17-70
198            </intent-filter>
199        </receiver>
200        <receiver
200-->[:androidx.work.work-runtime-2.7.0:] AndroidManifest.xml:61:5-65:16
201            android:name="androidx.work.impl.background.systemalarm.ConstraintProxyUpdateReceiver"
201-->[:androidx.work.work-runtime-2.7.0:] AndroidManifest.xml:61:15-101
202            android:directBootAware="false"
202-->[:androidx.work.work-runtime-2.7.0:] AndroidManifest.xml:61:102-133
203            android:enabled="@bool/enable_system_alarm_service_default"
203-->[:androidx.work.work-runtime-2.7.0:] AndroidManifest.xml:61:134-193
204            android:exported="false" >
204-->[:androidx.work.work-runtime-2.7.0:] AndroidManifest.xml:61:194-218
205            <intent-filter>
205-->[:androidx.work.work-runtime-2.7.0:] AndroidManifest.xml:62:7-64:23
206                <action android:name="androidx.work.impl.background.systemalarm.UpdateProxies" />
206-->[:androidx.work.work-runtime-2.7.0:] AndroidManifest.xml:63:9-90
206-->[:androidx.work.work-runtime-2.7.0:] AndroidManifest.xml:63:17-87
207            </intent-filter>
208        </receiver>
209        <receiver
209-->[:androidx.work.work-runtime-2.7.0:] AndroidManifest.xml:66:5-70:16
210            android:name="androidx.work.impl.diagnostics.DiagnosticsReceiver"
210-->[:androidx.work.work-runtime-2.7.0:] AndroidManifest.xml:66:15-80
211            android:directBootAware="false"
211-->[:androidx.work.work-runtime-2.7.0:] AndroidManifest.xml:66:81-112
212            android:enabled="true"
212-->[:androidx.work.work-runtime-2.7.0:] AndroidManifest.xml:66:113-135
213            android:exported="true"
213-->[:androidx.work.work-runtime-2.7.0:] AndroidManifest.xml:66:136-159
214            android:permission="android.permission.DUMP" >
214-->[:androidx.work.work-runtime-2.7.0:] AndroidManifest.xml:66:160-204
215            <intent-filter>
215-->[:androidx.work.work-runtime-2.7.0:] AndroidManifest.xml:67:7-69:23
216                <action android:name="androidx.work.diagnostics.REQUEST_DIAGNOSTICS" />
216-->[:androidx.work.work-runtime-2.7.0:] AndroidManifest.xml:68:9-80
216-->[:androidx.work.work-runtime-2.7.0:] AndroidManifest.xml:68:17-77
217            </intent-filter>
218        </receiver> <!-- Include the AdActivity and InAppPurchaseActivity configChanges and themes. -->
219        <activity
219-->[:com.google.android.gms.play-services-ads-lite-21.3.0:] AndroidManifest.xml:40:5-254
220            android:name="com.google.android.gms.ads.AdActivity"
220-->[:com.google.android.gms.play-services-ads-lite-21.3.0:] AndroidManifest.xml:40:15-67
221            android:configChanges="keyboard|keyboardHidden|orientation|screenLayout|uiMode|screenSize|smallestScreenSize"
221-->[:com.google.android.gms.play-services-ads-lite-21.3.0:] AndroidManifest.xml:40:68-177
222            android:exported="false"
222-->[:com.google.android.gms.play-services-ads-lite-21.3.0:] AndroidManifest.xml:40:178-202
223            android:theme="@android:style/Theme.Translucent" />
223-->[:com.google.android.gms.play-services-ads-lite-21.3.0:] AndroidManifest.xml:40:203-251
224
225        <provider
225-->[:com.google.android.gms.play-services-ads-lite-21.3.0:] AndroidManifest.xml:41:5-202
226            android:name="com.google.android.gms.ads.MobileAdsInitProvider"
226-->[:com.google.android.gms.play-services-ads-lite-21.3.0:] AndroidManifest.xml:41:15-78
227            android:authorities="com.DefaultCompany.gun_game.mobileadsinitprovider"
227-->[:com.google.android.gms.play-services-ads-lite-21.3.0:] AndroidManifest.xml:41:79-150
228            android:exported="false"
228-->[:com.google.android.gms.play-services-ads-lite-21.3.0:] AndroidManifest.xml:41:151-175
229            android:initOrder="100" />
229-->[:com.google.android.gms.play-services-ads-lite-21.3.0:] AndroidManifest.xml:41:176-199
230
231        <service
231-->[:com.google.android.gms.play-services-ads-lite-21.3.0:] AndroidManifest.xml:42:5-116
232            android:name="com.google.android.gms.ads.AdService"
232-->[:com.google.android.gms.play-services-ads-lite-21.3.0:] AndroidManifest.xml:42:14-65
233            android:enabled="true"
233-->[:com.google.android.gms.play-services-ads-lite-21.3.0:] AndroidManifest.xml:42:66-88
234            android:exported="false" />
234-->[:com.google.android.gms.play-services-ads-lite-21.3.0:] AndroidManifest.xml:42:89-113
235
236        <activity
236-->[:com.google.android.gms.play-services-base-18.0.0:] AndroidManifest.xml:20:9-22:45
237            android:name="com.google.android.gms.common.api.GoogleApiActivity"
237-->[:com.google.android.gms.play-services-base-18.0.0:] AndroidManifest.xml:20:19-85
238            android:exported="false"
238-->[:com.google.android.gms.play-services-base-18.0.0:] AndroidManifest.xml:22:19-43
239            android:theme="@android:style/Theme.Translucent.NoTitleBar" />
239-->[:com.google.android.gms.play-services-base-18.0.0:] AndroidManifest.xml:21:19-78
240
241        <meta-data
241-->[:com.google.android.gms.play-services-basement-18.0.0:] AndroidManifest.xml:21:9-23:69
242            android:name="com.google.android.gms.version"
242-->[:com.google.android.gms.play-services-basement-18.0.0:] AndroidManifest.xml:22:13-58
243            android:value="@integer/google_play_services_version" />
243-->[:com.google.android.gms.play-services-basement-18.0.0:] AndroidManifest.xml:23:13-66
244
245        <uses-library
245-->[:unityLibrary:GoogleMobileAdsPlugin.androidlib] AndroidManifest.xml:17:9-19:40
246            android:name="org.apache.http.legacy"
246-->[:unityLibrary:GoogleMobileAdsPlugin.androidlib] AndroidManifest.xml:18:13-50
247            android:required="false" />
247-->[:unityLibrary:GoogleMobileAdsPlugin.androidlib] AndroidManifest.xml:19:13-37
248    </application>
249
250</manifest>